

Microchip Technology PIC18 LITE Macro Assembler V2.00 build -1524193055 
                                                                                               Sat Feb 22 22:12:50 2020

Microchip Technology Omniscient Code Generator v2.00 (Free mode) build 20180527130849
     1  0000                     
     2                           ; Version 2.00
     3                           ; Generated 27/05/2018 GMT
     4                           
     5                           ; 
     6                           ; Copyright © 2018, Microchip Technology Inc. and its subsidiaries ("Microchip")
     7                           ; All rights reserved.
     8                           ; 
     9                           ; This software is developed by Microchip Technology Inc. and its subsidiaries ("Microch
                                 ip").
    10                           ; 
    11                           ; Redistribution and use in source and binary forms, with or without modification, are
    12                           ; permitted provided that the following conditions are met:
    13                           ; 
    14                           ;     1. Redistributions of source code must retain the above copyright notice, this lis
                                 t of
    15                           ;        conditions and the following disclaimer.
    16                           ; 
    17                           ;     2. Redistributions in binary form must reproduce the above copyright notice, this 
                                 list
    18                           ;        of conditions and the following disclaimer in the documentation and/or other
    19                           ;        materials provided with the distribution.
    20                           ; 
    21                           ;     3. Microchip's name may not be used to endorse or promote products derived from th
                                 is
    22                           ;        software without specific prior written permission.
    23                           ; 
    24                           ; THIS SOFTWARE IS PROVIDED BY MICROCHIP "AS IS" AND ANY EXPRESS OR IMPLIED WARRANTIES,

    25                           ; INCLUDING, BUT NOT LIMITED TO, THE IMPLIED WARRANTIES OF MERCHANTABILITY AND FITNESS F
                                 OR
    26                           ; PURPOSE ARE DISCLAIMED.  IN NO EVENT SHALL MICROCHIP BE LIABLE FOR ANY DIRECT, INDIREC
                                 T,
    27                           ; INCIDENTAL, SPECIAL, EXEMPLARY, OR CONSEQUENTIAL DAMAGES (INCLUDING BUT NOT LIMITED TO
                                 
    28                           ; PROCUREMENT OF SUBSTITUTE GOODS OR SERVICES; LOSS OF USE, DATA OR PROFITS; OR BUSINESS
                                 
    29                           ; INTERRUPTION) HOWSOEVER CAUSED AND ON ANY THEORY OF LIABILITY, WHETHER IN CONTRACT, ST
                                 RICT
    30                           ; LIABILITY, OR TORT (INCLUDING NEGLIGENCE OR OTHERWISE) ARISING IN ANY WAY OUT OF THE U
                                 SE OF
    31                           ; THIS SOFTWARE, EVEN IF ADVISED OF THE POSSIBILITY OF SUCH DAMAGE.
    32                           ; 
    33                           
    34                           
    35                           ; 
    36                           ; Code-generator required, PIC18F4321 Definitions
    37                           ; 
    38  0000                     fsr0 equ 0FE9h
    39  0000                     fsr0h equ 0FEAh
    40  0000                     fsr0l equ 0FE9h
    41  0000                     fsr1 equ 0FE1h
    42  0000                     fsr1h equ 0FE2h
    43  0000                     fsr1l equ 0FE1h
    44  0000                     fsr2 equ 0FD9h
    45  0000                     fsr2h equ 0FDAh
    46  0000                     fsr2l equ 0FD9h
    47  0000                     indf0 equ 0FEFh
    48  0000                     indf1 equ 0FE7h
    49  0000                     indf2 equ 0FDFh
    50  0000                     intcon equ 0FF2h
    51  0000                     nvmcon equ 00h
    52  0000                     pcl equ 0FF9h
    53  0000                     pclath equ 0FFAh
    54  0000                     pclatu equ 0FFBh
    55  0000                     plusw0 equ 0FEBh
    56  0000                     plusw1 equ 0FE3h
    57  0000                     plusw2 equ 0FDBh
    58  0000                     postdec0 equ 0FEDh
    59  0000                     postdec1 equ 0FE5h
    60  0000                     postdec2 equ 0FDDh
    61  0000                     postinc0 equ 0FEEh
    62  0000                     postinc1 equ 0FE6h
    63  0000                     postinc2 equ 0FDEh
    64  0000                     preinc0 equ 0FECh
    65  0000                     preinc1 equ 0FE4h
    66  0000                     preinc2 equ 0FDCh
    67  0000                     prod equ 0FF3h
    68  0000                     prodh equ 0FF4h
    69  0000                     prodl equ 0FF3h
    70  0000                     status equ 0FD8h
    71  0000                     tablat equ 0FF5h
    72  0000                     tblptr equ 0FF6h
    73  0000                     tblptrh equ 0FF7h
    74  0000                     tblptrl equ 0FF6h
    75  0000                     tblptru equ 0FF8h
    76  0000                     tosl equ 0FFDh
    77  0000                     wreg equ 0FE8h
    78  0000                     
     2                           opt pagewidth 120
     3  0000                     byte0	macro	val
     4                           	(getbyte(val,0))
     5                           endm
     6  0000                     byte1	macro	val
     7                           	(getbyte(val,1))
     8                           endm
     9  0000                     byte2	macro	val
    10                           	(getbyte(val,2))
    11                           endm
    12  0000                     byte3	macro	val
    13                           	(getbyte(val,3))
    14                           endm
    15  0000                     byte4	macro	val
    16                           	(getbyte(val,4))
    17                           endm
    18  0000                     byte5	macro	val
    19                           	(getbyte(val,5))
    20                           endm
    21  0000                     byte6	macro	val
    22                           	(getbyte(val,6))
    23                           endm
    24  0000                     byte7	macro	val
    25                           	(getbyte(val,7))
    26                           endm
    27  0000                     getword	macro	val,pos
    28                           	(((val) >> (8 * pos)) and 0xffff)
    29                           endm
    30  0000                     word0	macro	val
    31                           	(getword(val,0))
    32                           endm
    33  0000                     word1	macro	val
    34                           	(getword(val,2))
    35                           endm
    36  0000                     word2	macro	val
    37                           	(getword(val,4))
    38                           endm
    39  0000                     word3	macro	val
    40                           	(getword(val,6))
    41                           endm
    42  0000                     gettword	macro	val,pos
    43                           	(((val) >> (8 * pos)) and 0xffffff)
    44                           endm
    45  0000                     tword0	macro	val
    46                           	(gettword(val,0))
    47                           endm
    48  0000                     tword1	macro	val
    49                           	(gettword(val,3))
    50                           endm
    51  0000                     tword2	macro	val
    52                           	(gettword(val,6))
    53                           endm
    54  0000                     getdword	macro	val,pos
    55                           	(((val) >> (8 * pos)) and 0xffffffff)
    56                           endm
    57  0000                     dword0	macro	val
    58                           	(getdword(val,0))
    59                           endm
    60  0000                     dword1	macro	val
    61                           	(getdword(val,4))
    62                           endm
    63  0000                     clrc   macro
    64                           	bcf	status,0
    65                           endm
    66  0000                     setc   macro
    67                           	bsf	status,0
    68                           endm
    69  0000                     clrz   macro
    70                           	bcf	status,2
    71                           endm
    72  0000                     setz   macro
    73                           	bsf	status,2
    74                           endm
    75  0000                     skipnz macro
    76                           	btfsc	status,2
    77                           endm
    78  0000                     skipz  macro
    79                           	btfss	status,2
    80                           endm
    81  0000                     skipnc macro
    82                           	btfsc	status,0
    83                           endm
    84  0000                     skipc  macro
    85                           	btfss	status,0
    86                           endm
    87  0000                     pushw macro
    88                           	movwf postinc1
    89                           endm
    90  0000                     pushf macro arg1
    91                           	movff arg1, postinc1
    92                           endm
    93  0000                     popw macro
    94                           	movf postdec1,f
    95                           	movf indf1,w
    96                           endm
    97  0000                     popf macro arg1
    98                           	movf postdec1,f
    99                           	movff indf1,arg1
   100                           endm
   101  0000                     popfc macro arg1
   102                           	movff plusw1,arg1
   103                           	decfsz fsr1,f
   104                           endm
   105  0000                     	global	__ramtop
   106                           	global	__accesstop
   107                           # 54 "C:\Program Files (x86)\Microchip\xc8\v2.00\pic\include\PIC18F4321.h"
   108                           PORTA equ 0F80h ;# 
   109  0000                     # 286 "C:\Program Files (x86)\Microchip\xc8\v2.00\pic\include\PIC18F4321.h"
   110                           PORTB equ 0F81h ;# 
   111  0000                     # 465 "C:\Program Files (x86)\Microchip\xc8\v2.00\pic\include\PIC18F4321.h"
   112                           PORTC equ 0F82h ;# 
   113  0000                     # 645 "C:\Program Files (x86)\Microchip\xc8\v2.00\pic\include\PIC18F4321.h"
   114                           PORTD equ 0F83h ;# 
   115  0000                     # 787 "C:\Program Files (x86)\Microchip\xc8\v2.00\pic\include\PIC18F4321.h"
   116                           PORTE equ 0F84h ;# 
   117  0000                     # 990 "C:\Program Files (x86)\Microchip\xc8\v2.00\pic\include\PIC18F4321.h"
   118                           LATA equ 0F89h ;# 
   119  0000                     # 1102 "C:\Program Files (x86)\Microchip\xc8\v2.00\pic\include\PIC18F4321.h"
   120                           LATB equ 0F8Ah ;# 
   121  0000                     # 1214 "C:\Program Files (x86)\Microchip\xc8\v2.00\pic\include\PIC18F4321.h"
   122                           LATC equ 0F8Bh ;# 
   123  0000                     # 1326 "C:\Program Files (x86)\Microchip\xc8\v2.00\pic\include\PIC18F4321.h"
   124                           LATD equ 0F8Ch ;# 
   125  0000                     # 1438 "C:\Program Files (x86)\Microchip\xc8\v2.00\pic\include\PIC18F4321.h"
   126                           LATE equ 0F8Dh ;# 
   127  0000                     # 1490 "C:\Program Files (x86)\Microchip\xc8\v2.00\pic\include\PIC18F4321.h"
   128                           TRISA equ 0F92h ;# 
   129  0000                     # 1495 "C:\Program Files (x86)\Microchip\xc8\v2.00\pic\include\PIC18F4321.h"
   130                           DDRA equ 0F92h ;# 
   131  0000                     # 1712 "C:\Program Files (x86)\Microchip\xc8\v2.00\pic\include\PIC18F4321.h"
   132                           TRISB equ 0F93h ;# 
   133  0000                     # 1717 "C:\Program Files (x86)\Microchip\xc8\v2.00\pic\include\PIC18F4321.h"
   134                           DDRB equ 0F93h ;# 
   135  0000                     # 1934 "C:\Program Files (x86)\Microchip\xc8\v2.00\pic\include\PIC18F4321.h"
   136                           TRISC equ 0F94h ;# 
   137  0000                     # 1939 "C:\Program Files (x86)\Microchip\xc8\v2.00\pic\include\PIC18F4321.h"
   138                           DDRC equ 0F94h ;# 
   139  0000                     # 2156 "C:\Program Files (x86)\Microchip\xc8\v2.00\pic\include\PIC18F4321.h"
   140                           TRISD equ 0F95h ;# 
   141  0000                     # 2161 "C:\Program Files (x86)\Microchip\xc8\v2.00\pic\include\PIC18F4321.h"
   142                           DDRD equ 0F95h ;# 
   143  0000                     # 2378 "C:\Program Files (x86)\Microchip\xc8\v2.00\pic\include\PIC18F4321.h"
   144                           TRISE equ 0F96h ;# 
   145  0000                     # 2383 "C:\Program Files (x86)\Microchip\xc8\v2.00\pic\include\PIC18F4321.h"
   146                           DDRE equ 0F96h ;# 
   147  0000                     # 2542 "C:\Program Files (x86)\Microchip\xc8\v2.00\pic\include\PIC18F4321.h"
   148                           OSCTUNE equ 0F9Bh ;# 
   149  0000                     # 2607 "C:\Program Files (x86)\Microchip\xc8\v2.00\pic\include\PIC18F4321.h"
   150                           PIE1 equ 0F9Dh ;# 
   151  0000                     # 2684 "C:\Program Files (x86)\Microchip\xc8\v2.00\pic\include\PIC18F4321.h"
   152                           PIR1 equ 0F9Eh ;# 
   153  0000                     # 2761 "C:\Program Files (x86)\Microchip\xc8\v2.00\pic\include\PIC18F4321.h"
   154                           IPR1 equ 0F9Fh ;# 
   155  0000                     # 2838 "C:\Program Files (x86)\Microchip\xc8\v2.00\pic\include\PIC18F4321.h"
   156                           PIE2 equ 0FA0h ;# 
   157  0000                     # 2904 "C:\Program Files (x86)\Microchip\xc8\v2.00\pic\include\PIC18F4321.h"
   158                           PIR2 equ 0FA1h ;# 
   159  0000                     # 2970 "C:\Program Files (x86)\Microchip\xc8\v2.00\pic\include\PIC18F4321.h"
   160                           IPR2 equ 0FA2h ;# 
   161  0000                     # 3036 "C:\Program Files (x86)\Microchip\xc8\v2.00\pic\include\PIC18F4321.h"
   162                           EECON1 equ 0FA6h ;# 
   163  0000                     # 3102 "C:\Program Files (x86)\Microchip\xc8\v2.00\pic\include\PIC18F4321.h"
   164                           EECON2 equ 0FA7h ;# 
   165  0000                     # 3109 "C:\Program Files (x86)\Microchip\xc8\v2.00\pic\include\PIC18F4321.h"
   166                           EEDATA equ 0FA8h ;# 
   167  0000                     # 3116 "C:\Program Files (x86)\Microchip\xc8\v2.00\pic\include\PIC18F4321.h"
   168                           EEADR equ 0FA9h ;# 
   169  0000                     # 3123 "C:\Program Files (x86)\Microchip\xc8\v2.00\pic\include\PIC18F4321.h"
   170                           RCSTA equ 0FABh ;# 
   171  0000                     # 3128 "C:\Program Files (x86)\Microchip\xc8\v2.00\pic\include\PIC18F4321.h"
   172                           RCSTA1 equ 0FABh ;# 
   173  0000                     # 3333 "C:\Program Files (x86)\Microchip\xc8\v2.00\pic\include\PIC18F4321.h"
   174                           TXSTA equ 0FACh ;# 
   175  0000                     # 3338 "C:\Program Files (x86)\Microchip\xc8\v2.00\pic\include\PIC18F4321.h"
   176                           TXSTA1 equ 0FACh ;# 
   177  0000                     # 3589 "C:\Program Files (x86)\Microchip\xc8\v2.00\pic\include\PIC18F4321.h"
   178                           TXREG equ 0FADh ;# 
   179  0000                     # 3594 "C:\Program Files (x86)\Microchip\xc8\v2.00\pic\include\PIC18F4321.h"
   180                           TXREG1 equ 0FADh ;# 
   181  0000                     # 3601 "C:\Program Files (x86)\Microchip\xc8\v2.00\pic\include\PIC18F4321.h"
   182                           RCREG equ 0FAEh ;# 
   183  0000                     # 3606 "C:\Program Files (x86)\Microchip\xc8\v2.00\pic\include\PIC18F4321.h"
   184                           RCREG1 equ 0FAEh ;# 
   185  0000                     # 3613 "C:\Program Files (x86)\Microchip\xc8\v2.00\pic\include\PIC18F4321.h"
   186                           SPBRG equ 0FAFh ;# 
   187  0000                     # 3618 "C:\Program Files (x86)\Microchip\xc8\v2.00\pic\include\PIC18F4321.h"
   188                           SPBRG1 equ 0FAFh ;# 
   189  0000                     # 3625 "C:\Program Files (x86)\Microchip\xc8\v2.00\pic\include\PIC18F4321.h"
   190                           SPBRGH equ 0FB0h ;# 
   191  0000                     # 3632 "C:\Program Files (x86)\Microchip\xc8\v2.00\pic\include\PIC18F4321.h"
   192                           T3CON equ 0FB1h ;# 
   193  0000                     # 3744 "C:\Program Files (x86)\Microchip\xc8\v2.00\pic\include\PIC18F4321.h"
   194                           TMR3 equ 0FB2h ;# 
   195  0000                     # 3751 "C:\Program Files (x86)\Microchip\xc8\v2.00\pic\include\PIC18F4321.h"
   196                           TMR3L equ 0FB2h ;# 
   197  0000                     # 3758 "C:\Program Files (x86)\Microchip\xc8\v2.00\pic\include\PIC18F4321.h"
   198                           TMR3H equ 0FB3h ;# 
   199  0000                     # 3765 "C:\Program Files (x86)\Microchip\xc8\v2.00\pic\include\PIC18F4321.h"
   200                           CMCON equ 0FB4h ;# 
   201  0000                     # 3855 "C:\Program Files (x86)\Microchip\xc8\v2.00\pic\include\PIC18F4321.h"
   202                           CVRCON equ 0FB5h ;# 
   203  0000                     # 3934 "C:\Program Files (x86)\Microchip\xc8\v2.00\pic\include\PIC18F4321.h"
   204                           ECCP1AS equ 0FB6h ;# 
   205  0000                     # 4016 "C:\Program Files (x86)\Microchip\xc8\v2.00\pic\include\PIC18F4321.h"
   206                           ECCP1DEL equ 0FB7h ;# 
   207  0000                     # 4021 "C:\Program Files (x86)\Microchip\xc8\v2.00\pic\include\PIC18F4321.h"
   208                           PWM1CON equ 0FB7h ;# 
   209  0000                     # 4154 "C:\Program Files (x86)\Microchip\xc8\v2.00\pic\include\PIC18F4321.h"
   210                           BAUDCON equ 0FB8h ;# 
   211  0000                     # 4159 "C:\Program Files (x86)\Microchip\xc8\v2.00\pic\include\PIC18F4321.h"
   212                           BAUDCTL equ 0FB8h ;# 
   213  0000                     # 4334 "C:\Program Files (x86)\Microchip\xc8\v2.00\pic\include\PIC18F4321.h"
   214                           CCP2CON equ 0FBAh ;# 
   215  0000                     # 4413 "C:\Program Files (x86)\Microchip\xc8\v2.00\pic\include\PIC18F4321.h"
   216                           CCPR2 equ 0FBBh ;# 
   217  0000                     # 4420 "C:\Program Files (x86)\Microchip\xc8\v2.00\pic\include\PIC18F4321.h"
   218                           CCPR2L equ 0FBBh ;# 
   219  0000                     # 4427 "C:\Program Files (x86)\Microchip\xc8\v2.00\pic\include\PIC18F4321.h"
   220                           CCPR2H equ 0FBCh ;# 
   221  0000                     # 4434 "C:\Program Files (x86)\Microchip\xc8\v2.00\pic\include\PIC18F4321.h"
   222                           CCP1CON equ 0FBDh ;# 
   223  0000                     # 4439 "C:\Program Files (x86)\Microchip\xc8\v2.00\pic\include\PIC18F4321.h"
   224                           ECCP1CON equ 0FBDh ;# 
   225  0000                     # 4626 "C:\Program Files (x86)\Microchip\xc8\v2.00\pic\include\PIC18F4321.h"
   226                           CCPR1 equ 0FBEh ;# 
   227  0000                     # 4633 "C:\Program Files (x86)\Microchip\xc8\v2.00\pic\include\PIC18F4321.h"
   228                           CCPR1L equ 0FBEh ;# 
   229  0000                     # 4640 "C:\Program Files (x86)\Microchip\xc8\v2.00\pic\include\PIC18F4321.h"
   230                           CCPR1H equ 0FBFh ;# 
   231  0000                     # 4647 "C:\Program Files (x86)\Microchip\xc8\v2.00\pic\include\PIC18F4321.h"
   232                           ADCON2 equ 0FC0h ;# 
   233  0000                     # 4718 "C:\Program Files (x86)\Microchip\xc8\v2.00\pic\include\PIC18F4321.h"
   234                           ADCON1 equ 0FC1h ;# 
   235  0000                     # 4803 "C:\Program Files (x86)\Microchip\xc8\v2.00\pic\include\PIC18F4321.h"
   236                           ADCON0 equ 0FC2h ;# 
   237  0000                     # 4922 "C:\Program Files (x86)\Microchip\xc8\v2.00\pic\include\PIC18F4321.h"
   238                           ADRES equ 0FC3h ;# 
   239  0000                     # 4929 "C:\Program Files (x86)\Microchip\xc8\v2.00\pic\include\PIC18F4321.h"
   240                           ADRESL equ 0FC3h ;# 
   241  0000                     # 4936 "C:\Program Files (x86)\Microchip\xc8\v2.00\pic\include\PIC18F4321.h"
   242                           ADRESH equ 0FC4h ;# 
   243  0000                     # 4943 "C:\Program Files (x86)\Microchip\xc8\v2.00\pic\include\PIC18F4321.h"
   244                           SSPCON2 equ 0FC5h ;# 
   245  0000                     # 5038 "C:\Program Files (x86)\Microchip\xc8\v2.00\pic\include\PIC18F4321.h"
   246                           SSPCON1 equ 0FC6h ;# 
   247  0000                     # 5108 "C:\Program Files (x86)\Microchip\xc8\v2.00\pic\include\PIC18F4321.h"
   248                           SSPSTAT equ 0FC7h ;# 
   249  0000                     # 5329 "C:\Program Files (x86)\Microchip\xc8\v2.00\pic\include\PIC18F4321.h"
   250                           SSPADD equ 0FC8h ;# 
   251  0000                     # 5336 "C:\Program Files (x86)\Microchip\xc8\v2.00\pic\include\PIC18F4321.h"
   252                           SSPBUF equ 0FC9h ;# 
   253  0000                     # 5343 "C:\Program Files (x86)\Microchip\xc8\v2.00\pic\include\PIC18F4321.h"
   254                           T2CON equ 0FCAh ;# 
   255  0000                     # 5441 "C:\Program Files (x86)\Microchip\xc8\v2.00\pic\include\PIC18F4321.h"
   256                           PR2 equ 0FCBh ;# 
   257  0000                     # 5446 "C:\Program Files (x86)\Microchip\xc8\v2.00\pic\include\PIC18F4321.h"
   258                           MEMCON equ 0FCBh ;# 
   259  0000                     # 5551 "C:\Program Files (x86)\Microchip\xc8\v2.00\pic\include\PIC18F4321.h"
   260                           TMR2 equ 0FCCh ;# 
   261  0000                     # 5558 "C:\Program Files (x86)\Microchip\xc8\v2.00\pic\include\PIC18F4321.h"
   262                           T1CON equ 0FCDh ;# 
   263  0000                     # 5661 "C:\Program Files (x86)\Microchip\xc8\v2.00\pic\include\PIC18F4321.h"
   264                           TMR1 equ 0FCEh ;# 
   265  0000                     # 5668 "C:\Program Files (x86)\Microchip\xc8\v2.00\pic\include\PIC18F4321.h"
   266                           TMR1L equ 0FCEh ;# 
   267  0000                     # 5675 "C:\Program Files (x86)\Microchip\xc8\v2.00\pic\include\PIC18F4321.h"
   268                           TMR1H equ 0FCFh ;# 
   269  0000                     # 5682 "C:\Program Files (x86)\Microchip\xc8\v2.00\pic\include\PIC18F4321.h"
   270                           RCON equ 0FD0h ;# 
   271  0000                     # 5816 "C:\Program Files (x86)\Microchip\xc8\v2.00\pic\include\PIC18F4321.h"
   272                           WDTCON equ 0FD1h ;# 
   273  0000                     # 5844 "C:\Program Files (x86)\Microchip\xc8\v2.00\pic\include\PIC18F4321.h"
   274                           HLVDCON equ 0FD2h ;# 
   275  0000                     # 5849 "C:\Program Files (x86)\Microchip\xc8\v2.00\pic\include\PIC18F4321.h"
   276                           LVDCON equ 0FD2h ;# 
   277  0000                     # 6102 "C:\Program Files (x86)\Microchip\xc8\v2.00\pic\include\PIC18F4321.h"
   278                           OSCCON equ 0FD3h ;# 
   279  0000                     # 6185 "C:\Program Files (x86)\Microchip\xc8\v2.00\pic\include\PIC18F4321.h"
   280                           T0CON equ 0FD5h ;# 
   281  0000                     # 6262 "C:\Program Files (x86)\Microchip\xc8\v2.00\pic\include\PIC18F4321.h"
   282                           TMR0 equ 0FD6h ;# 
   283  0000                     # 6269 "C:\Program Files (x86)\Microchip\xc8\v2.00\pic\include\PIC18F4321.h"
   284                           TMR0L equ 0FD6h ;# 
   285  0000                     # 6276 "C:\Program Files (x86)\Microchip\xc8\v2.00\pic\include\PIC18F4321.h"
   286                           TMR0H equ 0FD7h ;# 
   287  0000                     # 6283 "C:\Program Files (x86)\Microchip\xc8\v2.00\pic\include\PIC18F4321.h"
   288                           STATUS equ 0FD8h ;# 
   289  0000                     # 6354 "C:\Program Files (x86)\Microchip\xc8\v2.00\pic\include\PIC18F4321.h"
   290                           FSR2 equ 0FD9h ;# 
   291  0000                     # 6361 "C:\Program Files (x86)\Microchip\xc8\v2.00\pic\include\PIC18F4321.h"
   292                           FSR2L equ 0FD9h ;# 
   293  0000                     # 6368 "C:\Program Files (x86)\Microchip\xc8\v2.00\pic\include\PIC18F4321.h"
   294                           FSR2H equ 0FDAh ;# 
   295  0000                     # 6375 "C:\Program Files (x86)\Microchip\xc8\v2.00\pic\include\PIC18F4321.h"
   296                           PLUSW2 equ 0FDBh ;# 
   297  0000                     # 6382 "C:\Program Files (x86)\Microchip\xc8\v2.00\pic\include\PIC18F4321.h"
   298                           PREINC2 equ 0FDCh ;# 
   299  0000                     # 6389 "C:\Program Files (x86)\Microchip\xc8\v2.00\pic\include\PIC18F4321.h"
   300                           POSTDEC2 equ 0FDDh ;# 
   301  0000                     # 6396 "C:\Program Files (x86)\Microchip\xc8\v2.00\pic\include\PIC18F4321.h"
   302                           POSTINC2 equ 0FDEh ;# 
   303  0000                     # 6403 "C:\Program Files (x86)\Microchip\xc8\v2.00\pic\include\PIC18F4321.h"
   304                           INDF2 equ 0FDFh ;# 
   305  0000                     # 6410 "C:\Program Files (x86)\Microchip\xc8\v2.00\pic\include\PIC18F4321.h"
   306                           BSR equ 0FE0h ;# 
   307  0000                     # 6417 "C:\Program Files (x86)\Microchip\xc8\v2.00\pic\include\PIC18F4321.h"
   308                           FSR1 equ 0FE1h ;# 
   309  0000                     # 6424 "C:\Program Files (x86)\Microchip\xc8\v2.00\pic\include\PIC18F4321.h"
   310                           FSR1L equ 0FE1h ;# 
   311  0000                     # 6431 "C:\Program Files (x86)\Microchip\xc8\v2.00\pic\include\PIC18F4321.h"
   312                           FSR1H equ 0FE2h ;# 
   313  0000                     # 6438 "C:\Program Files (x86)\Microchip\xc8\v2.00\pic\include\PIC18F4321.h"
   314                           PLUSW1 equ 0FE3h ;# 
   315  0000                     # 6445 "C:\Program Files (x86)\Microchip\xc8\v2.00\pic\include\PIC18F4321.h"
   316                           PREINC1 equ 0FE4h ;# 
   317  0000                     # 6452 "C:\Program Files (x86)\Microchip\xc8\v2.00\pic\include\PIC18F4321.h"
   318                           POSTDEC1 equ 0FE5h ;# 
   319  0000                     # 6459 "C:\Program Files (x86)\Microchip\xc8\v2.00\pic\include\PIC18F4321.h"
   320                           POSTINC1 equ 0FE6h ;# 
   321  0000                     # 6466 "C:\Program Files (x86)\Microchip\xc8\v2.00\pic\include\PIC18F4321.h"
   322                           INDF1 equ 0FE7h ;# 
   323  0000                     # 6473 "C:\Program Files (x86)\Microchip\xc8\v2.00\pic\include\PIC18F4321.h"
   324                           WREG equ 0FE8h ;# 
   325  0000                     # 6485 "C:\Program Files (x86)\Microchip\xc8\v2.00\pic\include\PIC18F4321.h"
   326                           FSR0 equ 0FE9h ;# 
   327  0000                     # 6492 "C:\Program Files (x86)\Microchip\xc8\v2.00\pic\include\PIC18F4321.h"
   328                           FSR0L equ 0FE9h ;# 
   329  0000                     # 6499 "C:\Program Files (x86)\Microchip\xc8\v2.00\pic\include\PIC18F4321.h"
   330                           FSR0H equ 0FEAh ;# 
   331  0000                     # 6506 "C:\Program Files (x86)\Microchip\xc8\v2.00\pic\include\PIC18F4321.h"
   332                           PLUSW0 equ 0FEBh ;# 
   333  0000                     # 6513 "C:\Program Files (x86)\Microchip\xc8\v2.00\pic\include\PIC18F4321.h"
   334                           PREINC0 equ 0FECh ;# 
   335  0000                     # 6520 "C:\Program Files (x86)\Microchip\xc8\v2.00\pic\include\PIC18F4321.h"
   336                           POSTDEC0 equ 0FEDh ;# 
   337  0000                     # 6527 "C:\Program Files (x86)\Microchip\xc8\v2.00\pic\include\PIC18F4321.h"
   338                           POSTINC0 equ 0FEEh ;# 
   339  0000                     # 6534 "C:\Program Files (x86)\Microchip\xc8\v2.00\pic\include\PIC18F4321.h"
   340                           INDF0 equ 0FEFh ;# 
   341  0000                     # 6541 "C:\Program Files (x86)\Microchip\xc8\v2.00\pic\include\PIC18F4321.h"
   342                           INTCON3 equ 0FF0h ;# 
   343  0000                     # 6633 "C:\Program Files (x86)\Microchip\xc8\v2.00\pic\include\PIC18F4321.h"
   344                           INTCON2 equ 0FF1h ;# 
   345  0000                     # 6703 "C:\Program Files (x86)\Microchip\xc8\v2.00\pic\include\PIC18F4321.h"
   346                           INTCON equ 0FF2h ;# 
   347  0000                     # 6820 "C:\Program Files (x86)\Microchip\xc8\v2.00\pic\include\PIC18F4321.h"
   348                           PROD equ 0FF3h ;# 
   349  0000                     # 6827 "C:\Program Files (x86)\Microchip\xc8\v2.00\pic\include\PIC18F4321.h"
   350                           PRODL equ 0FF3h ;# 
   351  0000                     # 6834 "C:\Program Files (x86)\Microchip\xc8\v2.00\pic\include\PIC18F4321.h"
   352                           PRODH equ 0FF4h ;# 
   353  0000                     # 6841 "C:\Program Files (x86)\Microchip\xc8\v2.00\pic\include\PIC18F4321.h"
   354                           TABLAT equ 0FF5h ;# 
   355  0000                     # 6850 "C:\Program Files (x86)\Microchip\xc8\v2.00\pic\include\PIC18F4321.h"
   356                           TBLPTR equ 0FF6h ;# 
   357  0000                     # 6857 "C:\Program Files (x86)\Microchip\xc8\v2.00\pic\include\PIC18F4321.h"
   358                           TBLPTRL equ 0FF6h ;# 
   359  0000                     # 6864 "C:\Program Files (x86)\Microchip\xc8\v2.00\pic\include\PIC18F4321.h"
   360                           TBLPTRH equ 0FF7h ;# 
   361  0000                     # 6871 "C:\Program Files (x86)\Microchip\xc8\v2.00\pic\include\PIC18F4321.h"
   362                           TBLPTRU equ 0FF8h ;# 
   363  0000                     # 6880 "C:\Program Files (x86)\Microchip\xc8\v2.00\pic\include\PIC18F4321.h"
   364                           PCLAT equ 0FF9h ;# 
   365  0000                     # 6887 "C:\Program Files (x86)\Microchip\xc8\v2.00\pic\include\PIC18F4321.h"
   366                           PC equ 0FF9h ;# 
   367  0000                     # 6894 "C:\Program Files (x86)\Microchip\xc8\v2.00\pic\include\PIC18F4321.h"
   368                           PCL equ 0FF9h ;# 
   369  0000                     # 6901 "C:\Program Files (x86)\Microchip\xc8\v2.00\pic\include\PIC18F4321.h"
   370                           PCLATH equ 0FFAh ;# 
   371  0000                     # 6908 "C:\Program Files (x86)\Microchip\xc8\v2.00\pic\include\PIC18F4321.h"
   372                           PCLATU equ 0FFBh ;# 
   373  0000                     # 6915 "C:\Program Files (x86)\Microchip\xc8\v2.00\pic\include\PIC18F4321.h"
   374                           STKPTR equ 0FFCh ;# 
   375  0000                     # 6989 "C:\Program Files (x86)\Microchip\xc8\v2.00\pic\include\PIC18F4321.h"
   376                           TOS equ 0FFDh ;# 
   377  0000                     # 6996 "C:\Program Files (x86)\Microchip\xc8\v2.00\pic\include\PIC18F4321.h"
   378                           TOSL equ 0FFDh ;# 
   379  0000                     # 7003 "C:\Program Files (x86)\Microchip\xc8\v2.00\pic\include\PIC18F4321.h"
   380                           TOSH equ 0FFEh ;# 
   381  0000                     # 7010 "C:\Program Files (x86)\Microchip\xc8\v2.00\pic\include\PIC18F4321.h"
   382                           TOSU equ 0FFFh ;# 
   383  0000                     	FNCALL	_main,_rainbow
   384                           	FNCALL	_rainbow,_delay
   385                           	FNROOT	_main
   386                           psect	idataCOMRAM,class=CODE,space=0,delta=1,noexec
   387                           global __pidataCOMRAM
   388                           __pidataCOMRAM:
   389  001EBE                     	file	"MainCode.c"
   390                           	line	27
   391                           
   392                           ;initializer for _MESSAGE
   393                           	dw	(0F00h)&0ffffh
   394  001EBE  0F00               	line	26
   395                           
   396                           ;initializer for _ADDRESS
   397                           	dw	(0Fh)&0ffffh
   398  001EC0  000F               	global	_clear
   399                           	global	_PORTD
   400                           _PORTD	set	0xF83
   401  0000                     	global	_PORTC
   402                           _PORTC	set	0xF82
   403  0000                     	global	_PORTA
   404                           _PORTA	set	0xF80
   405  0000                     	global	_TRISD
   406                           _TRISD	set	0xF95
   407  0000                     	global	_TRISC
   408                           _TRISC	set	0xF94
   409  0000                     	global	_TRISB
   410                           _TRISB	set	0xF93
   411  0000                     	global	_TRISA
   412                           _TRISA	set	0xF92
   413  0000                     	global	_SSPBUF
   414                           _SSPBUF	set	0xFC9
   415  0000                     	global	_PORTCbits
   416                           _PORTCbits	set	0xF82
   417  0000                     	global	_SSPSTAT
   418                           _SSPSTAT	set	0xFC7
   419  0000                     	global	_SSPCON1
   420                           _SSPCON1	set	0xFC6
   421  0000                     	global	_PORTB
   422                           _PORTB	set	0xF81
   423  0000                     ; #config settings
   424                           global __CFG_OSC$INTIO2
   425                           __CFG_OSC$INTIO2 equ 0x0
   426  0000                     global __CFG_BOR$ON
   427                           __CFG_BOR$ON equ 0x0
   428  0000                     global __CFG_WDT$OFF
   429                           __CFG_WDT$OFF equ 0x0
   430  0000                     global __CFG_LVP$OFF
   431                           __CFG_LVP$OFF equ 0x0
   432  0000                     	file	"C:\Users\domin\AppData\Local\Temp\s938."
   433                           	line	#
   434                           psect	cinit,class=CODE,delta=1,reloc=2
   435                           global __pcinit
   436                           __pcinit:
   437  001EC2                     global start_initialization
   438                           start_initialization:
   439  001EC2                     
   440                           global __initialization
   441                           __initialization:
   442  001EC2                     psect	bssCOMRAM,class=COMRAM,space=1,noexec
   443                           global __pbssCOMRAM
   444                           __pbssCOMRAM:
   445  000009                     	global	_DATA
   446                           	global	_DATA
   447                           _DATA:
   448  000009                            ds      2
   449  000009                     	global	_clear
   450                           _clear:
   451  00000B                            ds      2
   452  00000B                     	global	_ADCONRESULT
   453                           	global	_ADCONRESULT
   454                           _ADCONRESULT:
   455  00000D                            ds      2
   456  00000D                     psect	dataCOMRAM,class=COMRAM,space=1,noexec
   457                           global __pdataCOMRAM
   458                           __pdataCOMRAM:
   459  00000F                     	file	"MainCode.c"
   460                           	line	27
   461                           	global	_MESSAGE
   462                           	global	_MESSAGE
   463                           _MESSAGE:
   464  00000F                            ds      2
   465  00000F                     psect	dataCOMRAM
   466                           	file	"MainCode.c"
   467                           	line	26
   468                           	global	_ADDRESS
   469                           	global	_ADDRESS
   470                           _ADDRESS:
   471  000011                            ds      2
   472  000011                     	file	"C:\Users\domin\AppData\Local\Temp\s938."
   473                           	line	#
   474                           psect	cinit
   475                           ; Initialize objects allocated to COMRAM (4 bytes)
   476                           	global __pidataCOMRAM
   477                           	; load TBLPTR registers with __pidataCOMRAM
   478                           	movlw	low (__pidataCOMRAM)
   479  001EC2  0EBE               	movwf	tblptrl
   480  001EC4  6EF6               	movlw	high(__pidataCOMRAM)
   481  001EC6  0E1E               	movwf	tblptrh
   482  001EC8  6EF7               	movlw	low highword(__pidataCOMRAM)
   483  001ECA  0E00               	movwf	tblptru
   484  001ECC  6EF8               	lfsr	0,__pdataCOMRAM
   485  001ECE  EE00  F00F         	lfsr	1,4
   486  001ED2  EE10 F004          	copy_data0:
   487  001ED6                     	tblrd	*+
   488  001ED6  0009               	movff	tablat, postinc0
   489  001ED8  CFF5 FFEE          	movf	postdec1,w
   490  001EDC  50E5               	movf	fsr1l,w
   491  001EDE  50E1               	bnz	copy_data0
   492  001EE0  E1FA               	line	#
   493                           ; Clear objects allocated to COMRAM (6 bytes)
   494                           	global __pbssCOMRAM
   495                           clrf	(__pbssCOMRAM+5)&0xffh,c
   496  001EE2  6A0E               clrf	(__pbssCOMRAM+4)&0xffh,c
   497  001EE4  6A0D               clrf	(__pbssCOMRAM+3)&0xffh,c
   498  001EE6  6A0C               clrf	(__pbssCOMRAM+2)&0xffh,c
   499  001EE8  6A0B               clrf	(__pbssCOMRAM+1)&0xffh,c
   500  001EEA  6A0A               clrf	(__pbssCOMRAM+0)&0xffh,c
   501  001EEC  6A09               psect cinit,class=CODE,delta=1
   502                           global end_of_initialization,__end_of__initialization
   503                           
   504                           ;End of C runtime variable initialization code
   505                           
   506                           end_of_initialization:
   507  001EEE                     __end_of__initialization:
   508  001EEE                     movlb 0
   509  001EEE  0100               goto _main	;jump to C main() function
   510  001EF0  EF7A  F00F         psect	cstackCOMRAM,class=COMRAM,space=1,noexec
   511                           global __pcstackCOMRAM
   512                           __pcstackCOMRAM:
   513  000001                     ?_delay:	; 1 bytes @ 0x0
   514  000001                     ?_main:	; 1 bytes @ 0x0
   515  000001                     	global	delay@itime
   516                           delay@itime:	; 2 bytes @ 0x0
   517  000001                     	ds   2
   518  000001                     ??_delay:	; 1 bytes @ 0x2
   519  000003                     	global	delay@i
   520                           delay@i:	; 2 bytes @ 0x2
   521  000003                     	ds   2
   522  000003                     	global	delay@j
   523                           delay@j:	; 2 bytes @ 0x4
   524  000005                     	ds   2
   525  000005                     ?_rainbow:	; 1 bytes @ 0x6
   526  000007                     	global	rainbow@timedelay
   527                           rainbow@timedelay:	; 2 bytes @ 0x6
   528  000007                     	ds   2
   529  000007                     ??_rainbow:	; 1 bytes @ 0x8
   530  000009                     ??_main:	; 1 bytes @ 0x8
   531  000009                     ;!
   532                           ;!Data Sizes:
   533                           ;!    Strings     0
   534                           ;!    Constant    0
   535                           ;!    Data        4
   536                           ;!    BSS         6
   537                           ;!    Persistent  0
   538                           ;!    Stack       0
   539                           ;!
   540                           ;!Auto Spaces:
   541                           ;!    Space          Size  Autos    Used
   542                           ;!    COMRAM          127      8      18
   543                           ;!    BANK0           128      0       0
   544                           ;!    BANK1           256      0       0
   545                           
   546                           ;!
   547                           ;!Pointer List with Targets:
   548                           ;!
   549                           ;!    None.
   550                           
   551                           
   552                           ;!
   553                           ;!Critical Paths under _main in COMRAM
   554                           ;!
   555                           ;!    _main->_rainbow
   556                           ;!    _rainbow->_delay
   557                           ;!
   558                           ;!Critical Paths under _main in BANK0
   559                           ;!
   560                           ;!    None.
   561                           ;!
   562                           ;!Critical Paths under _main in BANK1
   563                           ;!
   564                           ;!    None.
   565                           
   566 ;;
   567 ;;Main: autosize = 0, tempsize = 0, incstack = 0, save=0
   568 ;;
   569                           
   570                           ;!
   571                           ;!Call Graph Tables:
   572                           ;!
   573                           ;! ---------------------------------------------------------------------------------
   574                           ;! (Depth) Function   	        Calls       Base Space   Used Autos Params    Refs
   575                           ;! ---------------------------------------------------------------------------------
   576                           ;! (0) _main                                                 0     0      0     756
   577                           ;!                            _rainbow
   578                           ;! ---------------------------------------------------------------------------------
   579                           ;! (1) _rainbow                                              2     0      2     756
   580                           ;!                                              6 COMRAM     2     0      2
   581                           ;!                              _delay
   582                           ;! ---------------------------------------------------------------------------------
   583                           ;! (2) _delay                                                6     4      2     548
   584                           ;!                                              0 COMRAM     6     4      2
   585                           ;! ---------------------------------------------------------------------------------
   586                           ;! Estimated maximum stack depth 2
   587                           ;! ---------------------------------------------------------------------------------
   588                           ;!
   589                           ;! Call Graph Graphs:
   590                           ;!
   591                           ;! _main (ROOT)
   592                           ;!   _rainbow
   593                           ;!     _delay
   594                           ;!
   595                           
   596                           ;! Address spaces:
   597                           
   598                           ;!Name               Size   Autos  Total    Cost      Usage
   599                           ;!BIGRAM             1FF      0       0       8        0.0%
   600                           ;!EEDATA             100      0       0       0        0.0%
   601                           ;!BITBANK1           100      0       0       5        0.0%
   602                           ;!BANK1              100      0       0       6        0.0%
   603                           ;!BITBANK0            80      0       0       3        0.0%
   604                           ;!BANK0               80      0       0       4        0.0%
   605                           ;!BITCOMRAM           7F      0       0       0        0.0%
   606                           ;!COMRAM              7F      8      12       1       14.2%
   607                           ;!BITSFR               0      0       0     200        0.0%
   608                           ;!SFR                  0      0       0     200        0.0%
   609                           ;!STACK                0      0       0       2        0.0%
   610                           ;!NULL                 0      0       0       0        0.0%
   611                           ;!ABS                  0      0      12       7        0.0%
   612                           ;!DATA                 0      0      12       9        0.0%
   613                           ;!CODE                 0      0       0       0        0.0%
   614                           
   615                           	global	_main
   616                           
   617 ;; *************** function _main *****************
   618 ;; Defined at:
   619 ;;		line 75 in file "MainCode.c"
   620 ;; Parameters:    Size  Location     Type
   621 ;;		None
   622 ;; Auto vars:     Size  Location     Type
   623 ;;		None
   624 ;; Return value:  Size  Location     Type
   625 ;;                  1    wreg      void 
   626 ;; Registers used:
   627 ;;		wreg, status,2, status,0, cstack
   628 ;; Tracked objects:
   629 ;;		On entry : 0/0
   630 ;;		On exit  : 0/0
   631 ;;		Unchanged: 0/0
   632 ;; Data sizes:     COMRAM   BANK0   BANK1
   633 ;;      Params:         0       0       0
   634 ;;      Locals:         0       0       0
   635 ;;      Temps:          0       0       0
   636 ;;      Totals:         0       0       0
   637 ;;Total ram usage:        0 bytes
   638 ;; Hardware stack levels required when called:    2
   639 ;; This function calls:
   640 ;;		_rainbow
   641 ;; This function is called by:
   642 ;;		Startup code after reset
   643 ;; This function uses a non-reentrant model
   644 ;;
   645                           psect	text0,class=CODE,space=0,reloc=2,group=0
   646                           	file	"MainCode.c"
   647                           	line	75
   648                           global __ptext0
   649                           __ptext0:
   650  001EF4                     psect	text0
   651                           	file	"MainCode.c"
   652                           	line	75
   653                           	global	__size_of_main
   654                           	__size_of_main	equ	__end_of_main-_main
   655  0000                     	
   656                           _main:
   657  001EF4                     ;incstack = 0
   658                           	opt	stack 29
   659                           	line	76
   660                           	
   661                           l815:
   662  001EF4                     ;MainCode.c: 76:     TRISA = 0xFF;
   663                           	setf	((c:3986)),c	;volatile
   664  001EF4  6892               	line	77
   665                           	
   666                           l817:
   667  001EF6                     ;MainCode.c: 77:     TRISB = 0x00;
   668                           	movlw	low(0)
   669  001EF6  0E00               	movwf	((c:3987)),c	;volatile
   670  001EF8  6E93               	line	78
   671                           ;MainCode.c: 78:     TRISC = 0x00;
   672                           	movlw	low(0)
   673  001EFA  0E00               	movwf	((c:3988)),c	;volatile
   674  001EFC  6E94               	line	79
   675                           ;MainCode.c: 79:     TRISD = 0x00;
   676                           	movlw	low(0)
   677  001EFE  0E00               	movwf	((c:3989)),c	;volatile
   678  001F00  6E95               	line	80
   679                           ;MainCode.c: 80:     PORTA = 0x00;
   680                           	movlw	low(0)
   681  001F02  0E00               	movwf	((c:3968)),c	;volatile
   682  001F04  6E80               	line	81
   683                           ;MainCode.c: 81:     PORTB = 0x00;
   684                           	movlw	low(0)
   685  001F06  0E00               	movwf	((c:3969)),c	;volatile
   686  001F08  6E81               	line	82
   687                           ;MainCode.c: 82:     PORTC = 0x00;
   688                           	movlw	low(0)
   689  001F0A  0E00               	movwf	((c:3970)),c	;volatile
   690  001F0C  6E82               	line	83
   691                           ;MainCode.c: 83:     PORTD = 0x00;
   692                           	movlw	low(0)
   693  001F0E  0E00               	movwf	((c:3971)),c	;volatile
   694  001F10  6E83               	goto	l819
   695  001F12  EF8B  F00F         	line	101
   696                           ;MainCode.c: 101:     while(1){
   697                           	
   698                           l58:
   699  001F16                     	line	102
   700                           	
   701                           l819:
   702  001F16                     ;MainCode.c: 102:         rainbow(25);
   703                           	movlw	high(019h)
   704  001F16  0E00               	movwf	((c:rainbow@timedelay+1)),c
   705  001F18  6E08               	movlw	low(019h)
   706  001F1A  0E19               	movwf	((c:rainbow@timedelay)),c
   707  001F1C  6E07               	call	_rainbow	;wreg free
   708  001F1E  EC97  F00F         	goto	l819
   709  001F22  EF8B  F00F         	line	108
   710                           ;MainCode.c: 108:     }
   711                           	
   712                           l59:
   713  001F26                     	goto	l819
   714  001F26  EF8B  F00F         	
   715                           l60:
   716  001F2A                     	line	149
   717                           	
   718                           l61:
   719  001F2A                     	global	start
   720                           	goto	start
   721  001F2A  EF00  F000         	opt stack 0
   722                           GLOBAL	__end_of_main
   723                           	__end_of_main:
   724  001F2E                     	signat	_main,89
   725                           	global	_rainbow
   726                           
   727 ;; *************** function _rainbow *****************
   728 ;; Defined at:
   729 ;;		line 32 in file "MainCode.c"
   730 ;; Parameters:    Size  Location     Type
   731 ;;  timedelay       2    6[COMRAM] unsigned int 
   732 ;; Auto vars:     Size  Location     Type
   733 ;;		None
   734 ;; Return value:  Size  Location     Type
   735 ;;                  1    wreg      void 
   736 ;; Registers used:
   737 ;;		wreg, status,2, status,0, cstack
   738 ;; Tracked objects:
   739 ;;		On entry : 0/0
   740 ;;		On exit  : 0/0
   741 ;;		Unchanged: 0/0
   742 ;; Data sizes:     COMRAM   BANK0   BANK1
   743 ;;      Params:         2       0       0
   744 ;;      Locals:         0       0       0
   745 ;;      Temps:          0       0       0
   746 ;;      Totals:         2       0       0
   747 ;;Total ram usage:        2 bytes
   748 ;; Hardware stack levels used:    1
   749 ;; Hardware stack levels required when called:    1
   750 ;; This function calls:
   751 ;;		_delay
   752 ;; This function is called by:
   753 ;;		_main
   754 ;; This function uses a non-reentrant model
   755 ;;
   756                           psect	text1,class=CODE,space=0,reloc=2,group=0
   757                           	line	32
   758                           global __ptext1
   759                           __ptext1:
   760  001F2E                     psect	text1
   761                           	file	"MainCode.c"
   762                           	line	32
   763                           	global	__size_of_rainbow
   764                           	__size_of_rainbow	equ	__end_of_rainbow-_rainbow
   765  0000                     	
   766                           _rainbow:
   767  001F2E                     ;incstack = 0
   768                           	opt	stack 29
   769                           	line	33
   770                           	
   771                           l797:
   772  001F2E                     ;MainCode.c: 33:         delay(timedelay);
   773                           	movff	(c:rainbow@timedelay),(c:delay@itime)
   774  001F2E  C007  F001         	movff	(c:rainbow@timedelay+1),(c:delay@itime+1)
   775  001F32  C008  F002         	call	_delay	;wreg free
   776  001F36  ECC8  F00F         	line	34
   777                           	
   778                           l799:
   779  001F3A                     ;MainCode.c: 34:         PORTB = 0x04;
   780                           	movlw	low(04h)
   781  001F3A  0E04               	movwf	((c:3969)),c	;volatile
   782  001F3C  6E81               	line	35
   783                           	
   784                           l801:
   785  001F3E                     ;MainCode.c: 35:         delay(timedelay);
   786                           	movff	(c:rainbow@timedelay),(c:delay@itime)
   787  001F3E  C007  F001         	movff	(c:rainbow@timedelay+1),(c:delay@itime+1)
   788  001F42  C008  F002         	call	_delay	;wreg free
   789  001F46  ECC8  F00F         	line	36
   790                           ;MainCode.c: 36:         PORTB = 0x06;
   791                           	movlw	low(06h)
   792  001F4A  0E06               	movwf	((c:3969)),c	;volatile
   793  001F4C  6E81               	line	37
   794                           	
   795                           l803:
   796  001F4E                     ;MainCode.c: 37:         delay(timedelay);
   797                           	movff	(c:rainbow@timedelay),(c:delay@itime)
   798  001F4E  C007  F001         	movff	(c:rainbow@timedelay+1),(c:delay@itime+1)
   799  001F52  C008  F002         	call	_delay	;wreg free
   800  001F56  ECC8  F00F         	line	38
   801                           	
   802                           l805:
   803  001F5A                     ;MainCode.c: 38:         PORTB = 0x02;
   804                           	movlw	low(02h)
   805  001F5A  0E02               	movwf	((c:3969)),c	;volatile
   806  001F5C  6E81               	line	39
   807                           ;MainCode.c: 39:         delay(timedelay);
   808                           	movff	(c:rainbow@timedelay),(c:delay@itime)
   809  001F5E  C007  F001         	movff	(c:rainbow@timedelay+1),(c:delay@itime+1)
   810  001F62  C008  F002         	call	_delay	;wreg free
   811  001F66  ECC8  F00F         	line	40
   812                           	
   813                           l807:
   814  001F6A                     ;MainCode.c: 40:         PORTB = 0x03;
   815                           	movlw	low(03h)
   816  001F6A  0E03               	movwf	((c:3969)),c	;volatile
   817  001F6C  6E81               	line	41
   818                           	
   819                           l809:
   820  001F6E                     ;MainCode.c: 41:         delay(timedelay);
   821                           	movff	(c:rainbow@timedelay),(c:delay@itime)
   822  001F6E  C007  F001         	movff	(c:rainbow@timedelay+1),(c:delay@itime+1)
   823  001F72  C008  F002         	call	_delay	;wreg free
   824  001F76  ECC8  F00F         	line	42
   825                           ;MainCode.c: 42:         PORTB = 0x01;
   826                           	movlw	low(01h)
   827  001F7A  0E01               	movwf	((c:3969)),c	;volatile
   828  001F7C  6E81               	line	43
   829                           	
   830                           l811:
   831  001F7E                     ;MainCode.c: 43:         delay(timedelay);
   832                           	movff	(c:rainbow@timedelay),(c:delay@itime)
   833  001F7E  C007  F001         	movff	(c:rainbow@timedelay+1),(c:delay@itime+1)
   834  001F82  C008  F002         	call	_delay	;wreg free
   835  001F86  ECC8  F00F         	line	44
   836                           	
   837                           l813:
   838  001F8A                     ;MainCode.c: 44:         PORTB = 0x05;
   839                           	movlw	low(05h)
   840  001F8A  0E05               	movwf	((c:3969)),c	;volatile
   841  001F8C  6E81               	line	45
   842                           	
   843                           l39:
   844  001F8E                     	return	;funcret
   845  001F8E  0012               	opt stack 0
   846                           GLOBAL	__end_of_rainbow
   847                           	__end_of_rainbow:
   848  001F90                     	signat	_rainbow,4217
   849                           	global	_delay
   850                           
   851 ;; *************** function _delay *****************
   852 ;; Defined at:
   853 ;;		line 68 in file "MainCode.c"
   854 ;; Parameters:    Size  Location     Type
   855 ;;  itime           2    0[COMRAM] unsigned int 
   856 ;; Auto vars:     Size  Location     Type
   857 ;;  j               2    4[COMRAM] unsigned int 
   858 ;;  i               2    2[COMRAM] unsigned int 
   859 ;; Return value:  Size  Location     Type
   860 ;;                  1    wreg      void 
   861 ;; Registers used:
   862 ;;		wreg, status,2, status,0
   863 ;; Tracked objects:
   864 ;;		On entry : 0/0
   865 ;;		On exit  : 0/0
   866 ;;		Unchanged: 0/0
   867 ;; Data sizes:     COMRAM   BANK0   BANK1
   868 ;;      Params:         2       0       0
   869 ;;      Locals:         4       0       0
   870 ;;      Temps:          0       0       0
   871 ;;      Totals:         6       0       0
   872 ;;Total ram usage:        6 bytes
   873 ;; Hardware stack levels used:    1
   874 ;; This function calls:
   875 ;;		Nothing
   876 ;; This function is called by:
   877 ;;		_rainbow
   878 ;; This function uses a non-reentrant model
   879 ;;
   880                           psect	text2,class=CODE,space=0,reloc=2,group=0
   881                           	line	68
   882                           global __ptext2
   883                           __ptext2:
   884  001F90                     psect	text2
   885                           	file	"MainCode.c"
   886                           	line	68
   887                           	global	__size_of_delay
   888                           	__size_of_delay	equ	__end_of_delay-_delay
   889  0000                     	
   890                           _delay:
   891  001F90                     ;incstack = 0
   892                           	opt	stack 29
   893                           	line	70
   894                           	
   895                           l781:
   896  001F90                     ;MainCode.c: 69:     unsigned int i, j;;MainCode.c: 70:     for(i = 0; i < itime; i++)
   897                           	movlw	high(0)
   898  001F90  0E00               	movwf	((c:delay@i+1)),c
   899  001F92  6E04               	movlw	low(0)
   900  001F94  0E00               	movwf	((c:delay@i)),c
   901  001F96  6E03               	goto	l795
   902  001F98  EFF2  F00F         	
   903                           l49:
   904  001F9C                     	line	71
   905                           	
   906                           l783:
   907  001F9C                     ;MainCode.c: 71:         for(j = 0; j < 255; j++)
   908                           	movlw	high(0)
   909  001F9C  0E00               	movwf	((c:delay@j+1)),c
   910  001F9E  6E06               	movlw	low(0)
   911  001FA0  0E00               	movwf	((c:delay@j)),c
   912  001FA2  6E05               	
   913                           l785:
   914  001FA4                     		movf	((c:delay@j+1)),c,w
   915  001FA4  5006               	bnz	u40
   916  001FA6  E108               	incf	((c:delay@j)),c,w
   917  001FA8  2805               	btfss	status,0
   918  001FAA  A0D8               	goto	u41
   919  001FAC  EFDA  F00F         	goto	u40
   920  001FB0  EFDC  F00F         
   921                           u41:
   922  001FB4                     	goto	l789
   923  001FB4  EFE0  F00F         u40:
   924  001FB8                     	goto	l793
   925  001FB8  EFEE  F00F         	
   926                           l787:
   927  001FBC                     	goto	l793
   928  001FBC  EFEE  F00F         	
   929                           l50:
   930  001FC0                     	line	72
   931                           	
   932                           l789:
   933  001FC0                     ;MainCode.c: 72:             ;
   934                           	infsnz	((c:delay@j)),c
   935  001FC0  4A05               	incf	((c:delay@j+1)),c
   936  001FC2  2A06               	
   937                           l791:
   938  001FC4                     		movf	((c:delay@j+1)),c,w
   939  001FC4  5006               	bnz	u50
   940  001FC6  E108               	incf	((c:delay@j)),c,w
   941  001FC8  2805               	btfss	status,0
   942  001FCA  A0D8               	goto	u51
   943  001FCC  EFEA  F00F         	goto	u50
   944  001FD0  EFEC  F00F         
   945                           u51:
   946  001FD4                     	goto	l789
   947  001FD4  EFE0  F00F         u50:
   948  001FD8                     	goto	l793
   949  001FD8  EFEE  F00F         	
   950                           l51:
   951  001FDC                     	
   952                           l793:
   953  001FDC                     	infsnz	((c:delay@i)),c
   954  001FDC  4A03               	incf	((c:delay@i+1)),c
   955  001FDE  2A04               	goto	l795
   956  001FE0  EFF2  F00F         	
   957                           l48:
   958  001FE4                     	
   959                           l795:
   960  001FE4                     		movf	((c:delay@itime)),c,w
   961  001FE4  5001               	subwf	((c:delay@i)),c,w
   962  001FE6  5C03               	movf	((c:delay@itime+1)),c,w
   963  001FE8  5002               	subwfb	((c:delay@i+1)),c,w
   964  001FEA  5804               	btfss	status,0
   965  001FEC  A0D8               	goto	u61
   966  001FEE  EFFB  F00F         	goto	u60
   967  001FF2  EFFD  F00F         
   968                           u61:
   969  001FF6                     	goto	l783
   970  001FF6  EFCE  F00F         u60:
   971  001FFA                     	goto	l53
   972  001FFA  EFFF  F00F         	
   973                           l52:
   974  001FFE                     	line	73
   975                           	
   976                           l53:
   977  001FFE                     	return	;funcret
   978  001FFE  0012               	opt stack 0
   979                           GLOBAL	__end_of_delay
   980                           	__end_of_delay:
   981  002000                     	signat	_delay,4217
   982                           	GLOBAL	__activetblptr
   983                           __activetblptr	EQU	0
   984  0000                     	psect	intsave_regs,class=BIGRAM,space=1,noexec
   985                           	PSECT	rparam,class=COMRAM,space=1,noexec
   986                           	GLOBAL	__Lrparam
   987                           	FNCONF	rparam,??,?
   988                           	GLOBAL	___rparam_used
   989                           	___rparam_used EQU 1
   990  0000                     	GLOBAL	___param_bank
   991                           	___param_bank EQU 0
   992  0000                     GLOBAL	__Lparam, __Hparam
   993                           GLOBAL	__Lrparam, __Hrparam
   994                           __Lparam	EQU	__Lrparam
   995  0000                     __Hparam	EQU	__Hrparam
   996  0000                     	end


Data Sizes:
    Strings     0
    Constant    0
    Data        4
    BSS         6
    Persistent  0
    Stack       0

Auto Spaces:
    Space          Size  Autos    Used
    COMRAM          127      8      18
    BANK0           128      0       0
    BANK1           256      0       0

Pointer List with Targets:

    None.

Critical Paths under _main in COMRAM

    _main->_rainbow
    _rainbow->_delay

Critical Paths under _main in BANK0

    None.

Critical Paths under _main in BANK1

    None.

Call Graph Tables:

 ---------------------------------------------------------------------------------
 (Depth) Function   	        Calls       Base Space   Used Autos Params    Refs
 ---------------------------------------------------------------------------------
 (0) _main                                                 0     0      0     756
                            _rainbow
 ---------------------------------------------------------------------------------
 (1) _rainbow                                              2     0      2     756
                                              6 COMRAM     2     0      2
                              _delay
 ---------------------------------------------------------------------------------
 (2) _delay                                                6     4      2     548
                                              0 COMRAM     6     4      2
 ---------------------------------------------------------------------------------
 Estimated maximum stack depth 2
 ---------------------------------------------------------------------------------

 Call Graph Graphs:

 _main (ROOT)
   _rainbow
     _delay

 Address spaces:
Name               Size   Autos  Total    Cost      Usage
BIGRAM             1FF      0       0       8        0.0%
EEDATA             100      0       0       0        0.0%
BITBANK1           100      0       0       5        0.0%
BANK1              100      0       0       6        0.0%
BITBANK0            80      0       0       3        0.0%
BANK0               80      0       0       4        0.0%
BITCOMRAM           7F      0       0       0        0.0%
COMRAM              7F      8      12       1       14.2%
BITSFR               0      0       0     200        0.0%
SFR                  0      0       0     200        0.0%
STACK                0      0       0       2        0.0%
NULL                 0      0       0       0        0.0%
ABS                  0      0      12       7        0.0%
DATA                 0      0      12       9        0.0%
CODE                 0      0       0       0        0.0%


Microchip Technology PIC18 Macro Assembler V2.00 build -1524193055 
Symbol Table                                                                                   Sat Feb 22 22:12:50 2020

                     l50 1FC0                       l51 1FDC                       l52 1FFE  
                     l60 1F2A                       l53 1FFE                       l61 1F2A  
                     l39 1F8E                       l48 1FE4                       l49 1F9C  
                     l58 1F16                       l59 1F26                       u40 1FB8  
                     u41 1FB4                       u50 1FD8                       u51 1FD4  
                     u60 1FFA                       u61 1FF6              __CFG_BOR$ON 000000  
                    l801 1F3E                      l811 1F7E                      l803 1F4E  
                    l813 1F8A                      l805 1F5A                      l807 1F6A  
                    l815 1EF4                      l809 1F6E                      l817 1EF6  
                    l819 1F16                      l781 1F90                      l791 1FC4  
                    l783 1F9C                      l793 1FDC                      l785 1FA4  
                    l787 1FBC                      l795 1FE4                      l789 1FC0  
                    l797 1F2E                      l799 1F3A             __CFG_LVP$OFF 000000  
           __CFG_WDT$OFF 000000                     _DATA 0009                     _main 1EF4  
                   fsr1l 000FE1                     start 0000             ___param_bank 000000  
                  ?_main 0001                    _PORTA 000F80                    _PORTB 000F81  
                  _PORTC 000F82                    _PORTD 000F83                    _TRISA 000F92  
                  _TRISB 000F93                    _TRISC 000F94                    _TRISD 000F95  
                  _delay 1F90                    _clear 000B          __end_of_rainbow 1F90  
                  tablat 000FF5                    status 000FD8          __initialization 1EC2  
           __end_of_main 1F2E                   ??_main 0009            __activetblptr 000000  
                 ?_delay 0001                   _SSPBUF 000FC9                   delay@i 0003  
                 delay@j 0005             __pdataCOMRAM 000F                ??_rainbow 0009  
                 tblptrh 000FF7                   tblptrl 000FF6                   tblptru 000FF8  
             __accesstop 0080  __end_of__initialization 1EEE            ___rparam_used 000001  
       rainbow@timedelay 0007           __pcstackCOMRAM 0001            __end_of_delay 2000  
        __CFG_OSC$INTIO2 000000                  ??_delay 0003                  _ADDRESS 0011  
                _MESSAGE 000F                  _SSPCON1 000FC6                  _SSPSTAT 000FC7  
                __Hparam 0000                  __Lparam 0000                  __pcinit 1EC2  
                __ramtop 0200                  __ptext0 1EF4                  __ptext1 1F2E  
                __ptext2 1F90               delay@itime 0001                  _rainbow 1F2E  
   end_of_initialization 1EEE                  postdec1 000FE5                  postinc0 000FEE  
              _PORTCbits 000F82              _ADCONRESULT 000D            __pidataCOMRAM 1EBE  
    start_initialization 1EC2              __pbssCOMRAM 0009                 ?_rainbow 0007  
         __size_of_delay 0070                copy_data0 1ED6                 __Hrparam 0000  
               __Lrparam 0000         __size_of_rainbow 0062            __size_of_main 003A  
